<?xml version="1.0" encoding="UTF-8"?>
<!-- Generated by org.testng.reporters.JUnitReportReporter -->
<testsuite name="pages.LoginPage" tests="5" time="42.065" ignored="0" failures="0" timestamp="19 Jun 2017 20:12:08 GMT" skipped="0" hostname="tester" errors="0">
  <testcase name="setData" time="8.209" classname="pages.LoginPage"/>
  <testcase name="setData" time="8.050" classname="pages.LoginPage"/>
  <testcase name="setData" time="8.176" classname="pages.LoginPage"/>
  <testcase name="setData" time="9.035" classname="pages.LoginPage"/>
  <testcase name="setData" time="8.595" classname="pages.LoginPage"/>
</testsuite> <!-- pages.LoginPage -->
